<?xml version="1.0" encoding="UTF-8"?>
<testng-results ignored="0" total="3" passed="3" failed="0" skipped="0">
  <reporter-output>
  </reporter-output>
  <suite started-at="2022-11-08T10:45:36 IST" name="Suite" finished-at="2022-11-08T10:46:23 IST" duration-ms="46402">
    <groups>
    </groups>
    <test started-at="2022-11-08T10:45:36 IST" name="Test1" finished-at="2022-11-08T10:45:58 IST" duration-ms="21398">
      <class name="auto.Parameter">
        <test-method is-config="true" signature="browserSetUp(java.lang.String)[pri:0, instance:auto.Parameter@36fc695d]" started-at="2022-11-08T10:45:36 IST" name="browserSetUp" finished-at="2022-11-08T10:45:48 IST" duration-ms="11771" status="PASS">
          <params>
            <param index="0">
              <value>
                <![CDATA[chrome]]>
              </value>
            </param>
          </params>
          <reporter-output>
          </reporter-output>
        </test-method> <!-- browserSetUp -->
        <test-method signature="LoginFunction(java.lang.String,java.lang.String)[pri:1, instance:auto.Parameter@36fc695d]" started-at="2022-11-08T10:45:48 IST" name="LoginFunction" finished-at="2022-11-08T10:45:52 IST" duration-ms="3550" status="PASS">
          <params>
            <param index="0">
              <value>
                <![CDATA[pranaygaikwadpatil@gmail.com]]>
              </value>
            </param>
            <param index="1">
              <value>
                <![CDATA[Pranay@8988]]>
              </value>
            </param>
          </params>
          <reporter-output>
          </reporter-output>
        </test-method> <!-- LoginFunction -->
        <test-method is-config="true" signature="TearUp()[pri:0, instance:auto.Parameter@36fc695d]" started-at="2022-11-08T10:45:52 IST" name="TearUp" finished-at="2022-11-08T10:45:58 IST" duration-ms="6017" status="PASS">
          <reporter-output>
          </reporter-output>
        </test-method> <!-- TearUp -->
      </class> <!-- auto.Parameter -->
    </test> <!-- Test1 -->
    <test started-at="2022-11-08T10:45:36 IST" name="Test" finished-at="2022-11-08T10:46:01 IST" duration-ms="24872">
      <class name="auto.Parameter">
        <test-method is-config="true" signature="browserSetUp(java.lang.String)[pri:0, instance:auto.Parameter@74f0ea28]" started-at="2022-11-08T10:45:36 IST" name="browserSetUp" finished-at="2022-11-08T10:45:51 IST" duration-ms="14420" status="PASS">
          <params>
            <param index="0">
              <value>
                <![CDATA[edge]]>
              </value>
            </param>
          </params>
          <reporter-output>
          </reporter-output>
        </test-method> <!-- browserSetUp -->
        <test-method signature="LoginFunction(java.lang.String,java.lang.String)[pri:1, instance:auto.Parameter@74f0ea28]" started-at="2022-11-08T10:45:51 IST" name="LoginFunction" finished-at="2022-11-08T10:45:54 IST" duration-ms="3440" status="PASS">
          <params>
            <param index="0">
              <value>
                <![CDATA[pranaygaikwadpatil@gmail.com]]>
              </value>
            </param>
            <param index="1">
              <value>
                <![CDATA[Pranay@8988]]>
              </value>
            </param>
          </params>
          <reporter-output>
          </reporter-output>
        </test-method> <!-- LoginFunction -->
        <test-method is-config="true" signature="TearUp()[pri:0, instance:auto.Parameter@74f0ea28]" started-at="2022-11-08T10:45:54 IST" name="TearUp" finished-at="2022-11-08T10:46:01 IST" duration-ms="6994" status="PASS">
          <reporter-output>
          </reporter-output>
        </test-method> <!-- TearUp -->
      </class> <!-- auto.Parameter -->
    </test> <!-- Test -->
    <test started-at="2022-11-08T10:45:36 IST" name="Test2" finished-at="2022-11-08T10:46:23 IST" duration-ms="46402">
      <class name="auto.Parameter">
        <test-method is-config="true" signature="browserSetUp(java.lang.String)[pri:0, instance:auto.Parameter@4afcd809]" started-at="2022-11-08T10:45:36 IST" name="browserSetUp" finished-at="2022-11-08T10:46:12 IST" duration-ms="35652" status="PASS">
          <params>
            <param index="0">
              <value>
                <![CDATA[firefox]]>
              </value>
            </param>
          </params>
          <reporter-output>
          </reporter-output>
        </test-method> <!-- browserSetUp -->
        <test-method signature="LoginFunction(java.lang.String,java.lang.String)[pri:1, instance:auto.Parameter@4afcd809]" started-at="2022-11-08T10:46:12 IST" name="LoginFunction" finished-at="2022-11-08T10:46:16 IST" duration-ms="3852" status="PASS">
          <params>
            <param index="0">
              <value>
                <![CDATA[pranaygaikwadpatil@gmail.com]]>
              </value>
            </param>
            <param index="1">
              <value>
                <![CDATA[Pranay@8988]]>
              </value>
            </param>
          </params>
          <reporter-output>
          </reporter-output>
        </test-method> <!-- LoginFunction -->
        <test-method is-config="true" signature="TearUp()[pri:0, instance:auto.Parameter@4afcd809]" started-at="2022-11-08T10:46:16 IST" name="TearUp" finished-at="2022-11-08T10:46:23 IST" duration-ms="6880" status="PASS">
          <reporter-output>
          </reporter-output>
        </test-method> <!-- TearUp -->
      </class> <!-- auto.Parameter -->
    </test> <!-- Test2 -->
  </suite> <!-- Suite -->
</testng-results>
